[INFO] 2023/10/25 12:50:44 log.go:30: Log File Created
[ERROR] 2023/10/25 12:50:44 log.go:40: Error loading .env file: open .env: no such file or directory
[ERROR] 2023/10/25 12:50:44 log.go:40: Error loading .env file: open .env: no such file or directory
[ERROR] 2023/10/25 12:50:44 log.go:37: Error loading database config: open .env: no such file or directory
[INFO] 2023/10/25 12:51:28 log.go:30: Log File Created
[ERROR] 2023/10/25 12:51:28 log.go:40: Error loading .env file: open .env: no such file or directory
[ERROR] 2023/10/25 12:51:28 log.go:40: Error loading .env file: open .env: no such file or directory
[ERROR] 2023/10/25 12:51:28 log.go:37: Error loading database config: open .env: no such file or directory
[INFO] 2023/10/25 12:51:39 log.go:30: Log File Created
[ERROR] 2023/10/25 12:51:39 log.go:40: Error loading .env file: open .env: no such file or directory
[ERROR] 2023/10/25 12:51:39 log.go:40: Error loading .env file: open .env: no such file or directory
[ERROR] 2023/10/25 12:51:39 log.go:37: Error loading database config: open .env: no such file or directory
[INFO] 2023/10/25 12:52:37 log.go:30: Log File Created
[INFO] 2023/10/25 13:16:22 log.go:30: Log File Created
[ERROR] 2023/10/25 13:16:22 log.go:43: code: 62, message: Syntax error: failed at position 1 ('A'): A. Expected one of: Query, Query with output, EXPLAIN, SELECT query, possibly with UNION, list of union elements, SELECT query, subquery, possibly with UNION, SELECT subquery, SELECT query, WITH, FROM, SELECT, SHOW CREATE QUOTA query, SHOW CREATE, SHOW [FULL] [TEMPORARY] TABLES|DATABASES|CLUSTERS|CLUSTER 'name' [[NOT] [I]LIKE 'str'] [LIMIT expr], SHOW, SHOW COLUMNS query, SHOW ENGINES query, SHOW ENGINES, SHOW INDEXES query, EXISTS or SHOW CREATE query, EXISTS, DESCRIBE FILESYSTEM CACHE query, DESCRIBE, DESC, DESCRIBE query, SHOW PROCESSLIST query, SHOW PROCESSLIST, CREATE TABLE or ATTACH TABLE query, CREATE, ATTACH, REPLACE, CREATE DATABASE query, CREATE VIEW query, CREATE DICTIONARY, CREATE LIVE VIEW query, CREATE WINDOW VIEW query, ALTER query, ALTER TABLE, ALTER LIVE VIEW, ALTER DATABASE, RENAME query, RENAME TABLE, EXCHANGE TABLES, RENAME DICTIONARY, EXCHANGE DICTIONARIES, RENAME DATABASE, DROP query, DROP, DETACH, TRUNCATE, UNDROP query, UNDROP, CHECK TABLE, KILL QUERY query, KILL, OPTIMIZE query, OPTIMIZE TABLE, WATCH query, WATCH, SHOW ACCESS query, SHOW ACCESS, ShowAccessEntitiesQuery, SHOW GRANTS query, SHOW GRANTS, SHOW PRIVILEGES query, SHOW PRIVILEGES, INSERT query, INSERT INTO, USE query, USE, SET ROLE or SET DEFAULT ROLE query, SET ROLE DEFAULT, SET ROLE, SET DEFAULT ROLE, SET query, SET, SYSTEM query, SYSTEM, CREATE USER or ALTER USER query, ALTER USER, CREATE USER, CREATE ROLE or ALTER ROLE query, ALTER ROLE, CREATE ROLE, CREATE QUOTA or ALTER QUOTA query, ALTER QUOTA, CREATE QUOTA, CREATE ROW POLICY or ALTER ROW POLICY query, ALTER POLICY, ALTER ROW POLICY, CREATE POLICY, CREATE ROW POLICY, CREATE SETTINGS PROFILE or ALTER SETTINGS PROFILE query, ALTER SETTINGS PROFILE, ALTER PROFILE, CREATE SETTINGS PROFILE, CREATE PROFILE, CREATE FUNCTION query, DROP FUNCTION query, CREATE NAMED COLLECTION, DROP NAMED COLLECTION query, Alter NAMED COLLECTION query, ALTER, CREATE INDEX query, DROP INDEX query, DROP access entity query, MOVE access entity query, MOVE, GRANT or REVOKE query, REVOKE, GRANT, EXTERNAL DDL query, EXTERNAL DDL FROM, TCL query, BEGIN TRANSACTION, COMMIT, ROLLBACK, SET TRANSACTION SNAPSHOT, Delete query, DELETE, BACKUP or RESTORE query, BACKUP, RESTORE
[ERROR] 2023/10/25 13:16:22 log.go:43: code: 62, message: Syntax error: failed at position 1 ('D'): D. Expected one of: Query, Query with output, EXPLAIN, SELECT query, possibly with UNION, list of union elements, SELECT query, subquery, possibly with UNION, SELECT subquery, SELECT query, WITH, FROM, SELECT, SHOW CREATE QUOTA query, SHOW CREATE, SHOW [FULL] [TEMPORARY] TABLES|DATABASES|CLUSTERS|CLUSTER 'name' [[NOT] [I]LIKE 'str'] [LIMIT expr], SHOW, SHOW COLUMNS query, SHOW ENGINES query, SHOW ENGINES, SHOW INDEXES query, EXISTS or SHOW CREATE query, EXISTS, DESCRIBE FILESYSTEM CACHE query, DESCRIBE, DESC, DESCRIBE query, SHOW PROCESSLIST query, SHOW PROCESSLIST, CREATE TABLE or ATTACH TABLE query, CREATE, ATTACH, REPLACE, CREATE DATABASE query, CREATE VIEW query, CREATE DICTIONARY, CREATE LIVE VIEW query, CREATE WINDOW VIEW query, ALTER query, ALTER TABLE, ALTER LIVE VIEW, ALTER DATABASE, RENAME query, RENAME TABLE, EXCHANGE TABLES, RENAME DICTIONARY, EXCHANGE DICTIONARIES, RENAME DATABASE, DROP query, DROP, DETACH, TRUNCATE, UNDROP query, UNDROP, CHECK TABLE, KILL QUERY query, KILL, OPTIMIZE query, OPTIMIZE TABLE, WATCH query, WATCH, SHOW ACCESS query, SHOW ACCESS, ShowAccessEntitiesQuery, SHOW GRANTS query, SHOW GRANTS, SHOW PRIVILEGES query, SHOW PRIVILEGES, INSERT query, INSERT INTO, USE query, USE, SET ROLE or SET DEFAULT ROLE query, SET ROLE DEFAULT, SET ROLE, SET DEFAULT ROLE, SET query, SET, SYSTEM query, SYSTEM, CREATE USER or ALTER USER query, ALTER USER, CREATE USER, CREATE ROLE or ALTER ROLE query, ALTER ROLE, CREATE ROLE, CREATE QUOTA or ALTER QUOTA query, ALTER QUOTA, CREATE QUOTA, CREATE ROW POLICY or ALTER ROW POLICY query, ALTER POLICY, ALTER ROW POLICY, CREATE POLICY, CREATE ROW POLICY, CREATE SETTINGS PROFILE or ALTER SETTINGS PROFILE query, ALTER SETTINGS PROFILE, ALTER PROFILE, CREATE SETTINGS PROFILE, CREATE PROFILE, CREATE FUNCTION query, DROP FUNCTION query, CREATE NAMED COLLECTION, DROP NAMED COLLECTION query, Alter NAMED COLLECTION query, ALTER, CREATE INDEX query, DROP INDEX query, DROP access entity query, MOVE access entity query, MOVE, GRANT or REVOKE query, REVOKE, GRANT, EXTERNAL DDL query, EXTERNAL DDL FROM, TCL query, BEGIN TRANSACTION, COMMIT, ROLLBACK, SET TRANSACTION SNAPSHOT, Delete query, DELETE, BACKUP or RESTORE query, BACKUP, RESTORE
[INFO] 2023/10/25 16:53:15 log.go:30: Log File Created
[ERROR] 2023/10/25 16:53:16 log.go:37: Error creating new consumer
[INFO] 2023/10/25 16:54:13 log.go:30: Log File Created
[ERROR] 2023/10/25 16:54:14 log.go:37: Error creating new consumer
[INFO] 2023/10/25 17:21:27 log.go:30: Log File Created
[ERROR] 2023/10/25 17:21:28 log.go:37: Error creating new consumer
